JAVA_HOME is set to "C:\Program Files\Java\jdk1.6.0_45"
Buildfile: all\build.xml
     [echo] Setting memoryMaximumSize to 1512m

prepare:

assemble-projects:

prepare:

pre-compile:

prepare:

compile:

assemble:

prepare:

compile:

assemble:

prepare:

compile:

assemble:

prepare:

compile:

assemble:

prepare:

javacc:

native2ascii:

compile:

assemble:

prepare:

compile:
[jnode.compile] Compiling 24 source files to C:\Users\gerardo.cornejo\Desktop\jnode\gui\build\classes
[jnode.compile] C:\Users\gerardo.cornejo\Desktop\jnode\gui\src\driver\org\jnode\driver\video\vesa\VESADriver.java:145: cannot find symbol
[jnode.compile] symbol  : method getDefaultConfig()
[jnode.compile] location: class org.jnode.driver.video.FrameBufferConfiguration[]
[jnode.compile]             final int width = kernel.getConfigs().getDefaultConfig().getXResolution();
[jnode.compile]                                                  ^
[jnode.compile] C:\Users\gerardo.cornejo\Desktop\jnode\gui\src\driver\org\jnode\driver\video\vesa\VESADriver.java:146: cannot find symbol
[jnode.compile] symbol  : method getDefaultConfig()
[jnode.compile] location: class org.jnode.driver.video.FrameBufferConfiguration[]
[jnode.compile]             final int height = kernel.getConfigs().getDefaultConfig().getYResolution();
[jnode.compile]                                                   ^
[jnode.compile] Note: Some input files use or override a deprecated API.
[jnode.compile] Note: Recompile with -Xlint:deprecation for details.
[jnode.compile] 2 errors
.\build.bat : 
En línea: 1 Carácter: 1
+ .\build.bat assemble 2>&1 | Out-File -FilePath build-error.log -Encod ...
+ ~~~~~~~~~~~~~~~~~~~~~~~~~
    + CategoryInfo          : NotSpecified: (:String) [], RemoteException
    + FullyQualifiedErrorId : NativeCommandError
 
BUILD FAILED
C:\Users\gerardo.cornejo\Desktop\jnode\all\build.xml:366: The following error 
occurred while executing this line:
C:\Users\gerardo.cornejo\Desktop\jnode\all\lib\jnode.xml:107: The following 
error occurred while executing this line:
C:\Users\gerardo.cornejo\Desktop\jnode\gui\build.xml:47: Compile failed; see 
the compiler error output for details.

Total time: 3 seconds
